  FinalProject.c
d:\users\user1\desktop\תכנות\c\assignments\finalproject\finalproject\structers.c(11): error C2061: syntax error: identifier 'S_label'
d:\users\user1\desktop\תכנות\c\assignments\finalproject\finalproject\structers.c(13): error C2059: syntax error: '}'
d:\users\user1\desktop\תכנות\c\assignments\finalproject\finalproject\structers.c(32): error C2061: syntax error: identifier 'S_data'
d:\users\user1\desktop\תכנות\c\assignments\finalproject\finalproject\structers.c(33): error C2059: syntax error: '}'
d:\users\user1\desktop\תכנות\c\assignments\finalproject\finalproject\validations.c(10): warning C4305: '=': truncation from 'int' to 'char'
d:\users\user1\desktop\תכנות\c\assignments\finalproject\finalproject\validations.c(13): warning C4013: 'strcmp' undefined; assuming extern returning int
d:\users\user1\desktop\תכנות\c\assignments\finalproject\finalproject\validations.c(27): warning C4013: 'iswhite' undefined; assuming extern returning int
d:\users\user1\desktop\תכנות\c\assignments\finalproject\finalproject\validations.c(45): warning C4013: 'isdigit' undefined; assuming extern returning int
d:\users\user1\desktop\תכנות\c\assignments\finalproject\finalproject\validations.c(49): warning C4013: 'atoi' undefined; assuming extern returning int
d:\users\user1\desktop\תכנות\c\assignments\finalproject\finalproject\validations.c(52): warning C4033: 'f_isNumber' must return a value
d:\users\user1\desktop\תכנות\c\assignments\finalproject\finalproject\validations.c(72): warning C4013: 'strncmp' undefined; assuming extern returning int
d:\users\user1\desktop\תכנות\c\assignments\finalproject\finalproject\validations.c(79): warning C4047: 'function': 'char *' differs in levels of indirection from 'char'
d:\users\user1\desktop\תכנות\c\assignments\finalproject\finalproject\validations.c(79): warning C4024: 'f_isNumber': different types for formal and actual parameter 1
d:\users\user1\desktop\תכנות\c\assignments\finalproject\finalproject\validations.c(94): warning C4047: 'function': 'char *' differs in levels of indirection from 'char'
d:\users\user1\desktop\תכנות\c\assignments\finalproject\finalproject\validations.c(94): warning C4024: 'f_isNumber': different types for formal and actual parameter 1
d:\users\user1\desktop\תכנות\c\assignments\finalproject\finalproject\validations.c(116): warning C4013: 'isprint' undefined; assuming extern returning int
d:\users\user1\desktop\תכנות\c\assignments\finalproject\finalproject\validations.c(129): warning C4013: 'alpha' undefined; assuming extern returning int
d:\users\user1\desktop\תכנות\c\assignments\finalproject\finalproject\validations.c(131): warning C4013: 'isalpha' undefined; assuming extern returning int
d:\users\user1\desktop\תכנות\c\assignments\finalproject\finalproject\validations.c(142): error C2065: 'isLabel': undeclared identifier
c:\program files (x86)\windows kits\10\include\10.0.17763.0\ucrt\string.h(275): error C2375: 'strncmp': redefinition; different linkage
c:\program files (x86)\windows kits\10\include\10.0.17763.0\ucrt\ctype.h(27): error C2375: 'isalpha': redefinition; different linkage
c:\program files (x86)\windows kits\10\include\10.0.17763.0\ucrt\ctype.h(35): error C2375: 'isdigit': redefinition; different linkage
c:\program files (x86)\windows kits\10\include\10.0.17763.0\ucrt\ctype.h(51): error C2375: 'isprint': redefinition; different linkage
d:\users\user1\desktop\תכנות\c\assignments\finalproject\finalproject\finalproject.c(52): warning C4013: 'getline' undefined; assuming extern returning int
d:\users\user1\desktop\תכנות\c\assignments\finalproject\finalproject\finalproject.c(46): error C4996: 'fopen': This function or variable may be unsafe. Consider using fopen_s instead. To disable deprecation, use _CRT_SECURE_NO_WARNINGS. See online help for details.
  c:\program files (x86)\windows kits\10\include\10.0.17763.0\ucrt\stdio.h(208): note: see declaration of 'fopen'
  Structers.c
d:\users\user1\desktop\תכנות\c\assignments\finalproject\finalproject\structers.c(38): fatal error C1010: unexpected end of file while looking for precompiled header. Did you forget to add '#include "pch.h"' to your source?
  structs.c
d:\users\user1\desktop\תכנות\c\assignments\finalproject\finalproject\structs.c(85): fatal error C1010: unexpected end of file while looking for precompiled header. Did you forget to add '#include "pch.h"' to your source?
  Validations.c
d:\users\user1\desktop\תכנות\c\assignments\finalproject\finalproject\validations.c(155): fatal error C1010: unexpected end of file while looking for precompiled header. Did you forget to add '#include "pch.h"' to your source?
  Generating Code...
